<?xml version="1.0" encoding="UTF-8"?>
<robot generator="Robot 6.0.1 (Python 3.11.0 on win32)" generated="20221123 11:38:04.976" rpa="false" schemaversion="3">
<suite id="s1" name="TesteBlogTeste" source="C:\Users\marcella.sanches\Downloads\robot-teste3\TesteBlogTeste.robot">
<test id="s1-t1" name="Caso de Teste 01: Pesquisar um post" line="6">
<kw name="Acessar a página do blog" library="ResourceBlogTest" type="SETUP">
<kw name="Open Browser" library="SeleniumLibrary">
<arg>${URL}</arg>
<arg>${BROWSER}</arg>
<doc>Opens a new browser instance to the optional ``url``.</doc>
<msg timestamp="20221123 11:38:05.718" level="INFO">Opening browser 'chrome' to base url 'https://robotizandotestes.blogspot.com/'.</msg>
<status status="PASS" starttime="20221123 11:38:05.717" endtime="20221123 11:38:15.063"/>
</kw>
<kw name="Title Should Be" library="SeleniumLibrary">
<arg>Robotizando Testes</arg>
<doc>Verifies that the current page title equals ``title``.</doc>
<msg timestamp="20221123 11:38:15.069" level="INFO">Page title is 'Robotizando Testes'.</msg>
<status status="PASS" starttime="20221123 11:38:15.063" endtime="20221123 11:38:15.069"/>
</kw>
<status status="PASS" starttime="20221123 11:38:05.717" endtime="20221123 11:38:15.069"/>
</kw>
<kw name="Pesquisar por um post com &quot;Season Premiere: Introdução ao Robot Framework&quot;" library="ResourceBlogTest" sourcename="Pesquisar por um post com &quot;${TEXTO_PESQUISA}&quot;">
<kw name="Wait Until Element Is Visible" library="SeleniumLibrary">
<arg>locator=${BTN_PESQUISAR}</arg>
<doc>Waits until the element ``locator`` is visible.</doc>
<status status="PASS" starttime="20221123 11:38:15.071" endtime="20221123 11:38:15.104"/>
</kw>
<kw name="Click Button" library="SeleniumLibrary">
<arg>${BTN_PESQUISAR }</arg>
<doc>Clicks the button identified by ``locator``.</doc>
<msg timestamp="20221123 11:38:15.105" level="INFO">Clicking button 'css=button.search-expand.touch-icon-button'.</msg>
<status status="PASS" starttime="20221123 11:38:15.105" endtime="20221123 11:38:15.202"/>
</kw>
<kw name="Input Text" library="SeleniumLibrary">
<arg>${INPUT_PESQUISAR}</arg>
<arg>${TEXTO_PESQUISA}</arg>
<doc>Types the given ``text`` into the text field identified by ``locator``.</doc>
<msg timestamp="20221123 11:38:15.204" level="INFO">Typing text 'Season Premiere: Introdução ao Robot Framework' into text field 'name=q'.</msg>
<status status="PASS" starttime="20221123 11:38:15.203" endtime="20221123 11:38:15.489"/>
</kw>
<kw name="Click Element" library="SeleniumLibrary">
<arg>${SUBMIT_PESQUISAR}</arg>
<doc>Click the element identified by ``locator``.</doc>
<msg timestamp="20221123 11:38:15.490" level="INFO">Clicking element 'css=input.search-action.flat-button'.</msg>
<status status="PASS" starttime="20221123 11:38:15.489" endtime="20221123 11:38:17.320"/>
</kw>
<status status="PASS" starttime="20221123 11:38:15.071" endtime="20221123 11:38:17.320"/>
</kw>
<kw name="Conferir mensagem de pesquisa por &quot;Mostrando postagens que correspondem à pesquisa por Season Premiere: Introdução ao Robot Framework&quot;" library="ResourceBlogTest" sourcename="Conferir mensagem de pesquisa por &quot;${MENSAGEM_DESEJADA}&quot;">
<kw name="Page Should Contain" library="SeleniumLibrary">
<arg>${MENSAGEM_DESEJADA}</arg>
<doc>Verifies that current page contains ``text``.</doc>
<msg timestamp="20221123 11:38:17.338" level="INFO">Current page contains text 'Mostrando postagens que correspondem à pesquisa por Season Premiere: Introdução ao Robot Framework'.</msg>
<status status="PASS" starttime="20221123 11:38:17.321" endtime="20221123 11:38:17.338"/>
</kw>
<status status="PASS" starttime="20221123 11:38:17.321" endtime="20221123 11:38:17.338"/>
</kw>
<kw name="Fechar navegador" library="ResourceBlogTest">
<kw name="Close Browser" library="SeleniumLibrary">
<doc>Closes the current browser.</doc>
<status status="PASS" starttime="20221123 11:38:17.339" endtime="20221123 11:38:19.652"/>
</kw>
<status status="PASS" starttime="20221123 11:38:17.339" endtime="20221123 11:38:19.653"/>
</kw>
<kw name="Fechar navegador" library="ResourceBlogTest" type="TEARDOWN">
<kw name="Close Browser" library="SeleniumLibrary">
<doc>Closes the current browser.</doc>
<status status="PASS" starttime="20221123 11:38:19.657" endtime="20221123 11:38:19.657"/>
</kw>
<status status="PASS" starttime="20221123 11:38:19.656" endtime="20221123 11:38:19.658"/>
</kw>
<status status="PASS" starttime="20221123 11:38:05.715" endtime="20221123 11:38:19.659"/>
</test>
<test id="s1-t2" name="Caso de Teste 02: Ler um post" line="11">
<kw name="Acessar a página do blog" library="ResourceBlogTest" type="SETUP">
<kw name="Open Browser" library="SeleniumLibrary">
<arg>${URL}</arg>
<arg>${BROWSER}</arg>
<doc>Opens a new browser instance to the optional ``url``.</doc>
<msg timestamp="20221123 11:38:19.673" level="INFO">Opening browser 'chrome' to base url 'https://robotizandotestes.blogspot.com/'.</msg>
<status status="PASS" starttime="20221123 11:38:19.671" endtime="20221123 11:38:24.799"/>
</kw>
<kw name="Title Should Be" library="SeleniumLibrary">
<arg>Robotizando Testes</arg>
<doc>Verifies that the current page title equals ``title``.</doc>
<msg timestamp="20221123 11:38:24.805" level="INFO">Page title is 'Robotizando Testes'.</msg>
<status status="PASS" starttime="20221123 11:38:24.799" endtime="20221123 11:38:24.805"/>
</kw>
<status status="PASS" starttime="20221123 11:38:19.670" endtime="20221123 11:38:24.805"/>
</kw>
<kw name="Acessar o post com &quot;Season Premiere: Introdução ao Robot Framework&quot;" library="ResourceBlogTest" sourcename="Acessar o post com &quot;${TEXTO_PESQUISA}&quot;">
<kw name="Pesquisar por um post com &quot;${TEXTO_PESQUISA}&quot;" library="ResourceBlogTest" sourcename="Pesquisar por um post com &quot;${TEXTO_PESQUISA}&quot;">
<kw name="Wait Until Element Is Visible" library="SeleniumLibrary">
<arg>locator=${BTN_PESQUISAR}</arg>
<doc>Waits until the element ``locator`` is visible.</doc>
<status status="PASS" starttime="20221123 11:38:24.807" endtime="20221123 11:38:24.846"/>
</kw>
<kw name="Click Button" library="SeleniumLibrary">
<arg>${BTN_PESQUISAR }</arg>
<doc>Clicks the button identified by ``locator``.</doc>
<msg timestamp="20221123 11:38:24.847" level="INFO">Clicking button 'css=button.search-expand.touch-icon-button'.</msg>
<status status="PASS" starttime="20221123 11:38:24.846" endtime="20221123 11:38:24.920"/>
</kw>
<kw name="Input Text" library="SeleniumLibrary">
<arg>${INPUT_PESQUISAR}</arg>
<arg>${TEXTO_PESQUISA}</arg>
<doc>Types the given ``text`` into the text field identified by ``locator``.</doc>
<msg timestamp="20221123 11:38:24.921" level="INFO">Typing text 'Season Premiere: Introdução ao Robot Framework' into text field 'name=q'.</msg>
<status status="PASS" starttime="20221123 11:38:24.920" endtime="20221123 11:38:25.148"/>
</kw>
<kw name="Click Element" library="SeleniumLibrary">
<arg>${SUBMIT_PESQUISAR}</arg>
<doc>Click the element identified by ``locator``.</doc>
<msg timestamp="20221123 11:38:25.148" level="INFO">Clicking element 'css=input.search-action.flat-button'.</msg>
<status status="PASS" starttime="20221123 11:38:25.148" endtime="20221123 11:38:27.010"/>
</kw>
<status status="PASS" starttime="20221123 11:38:24.806" endtime="20221123 11:38:27.011"/>
</kw>
<kw name="Click Element" library="SeleniumLibrary">
<arg>${LINK_POST}</arg>
<doc>Click the element identified by ``locator``.</doc>
<msg timestamp="20221123 11:38:27.012" level="INFO">Clicking element 'xpath=//a[contains(text(), 'Season Premiere: Introdução ao Robot Framework')]'.</msg>
<status status="PASS" starttime="20221123 11:38:27.011" endtime="20221123 11:38:28.726"/>
</kw>
<kw name="Wait Until Page Contains" library="SeleniumLibrary">
<arg>O que é Robot Framework?</arg>
<doc>Waits until ``text`` appears on the current page.</doc>
<status status="PASS" starttime="20221123 11:38:28.726" endtime="20221123 11:38:28.754"/>
</kw>
<status status="PASS" starttime="20221123 11:38:24.806" endtime="20221123 11:38:28.754"/>
</kw>
<kw name="Conferir se a imagem do robô aparece" library="ResourceBlogTest">
<kw name="Page Should Contain Image" library="SeleniumLibrary">
<arg>${IMG_ROBO}</arg>
<doc>Verifies image identified by ``locator`` is found from current page.</doc>
<msg timestamp="20221123 11:38:28.779" level="INFO">Current page contains image 'xpath=//img[contains(@src, 'if_Robot_18_385830_grande')]'.</msg>
<status status="PASS" starttime="20221123 11:38:28.756" endtime="20221123 11:38:28.779"/>
</kw>
<status status="PASS" starttime="20221123 11:38:28.756" endtime="20221123 11:38:28.779"/>
</kw>
<kw name="Conferir se o texto &quot;nesse post vou apresentar-lhes o astro deste blog: &quot;The&quot; Robot Framework&quot; aparece" library="ResourceBlogTest" sourcename="Conferir se o texto &quot;${TEXTO_DESEJADO}&quot; aparece">
<kw name="Page Should Contain" library="SeleniumLibrary">
<arg>${TEXTO_DESEJADO}</arg>
<doc>Verifies that current page contains ``text``.</doc>
<msg timestamp="20221123 11:38:28.804" level="INFO">Current page contains text 'nesse post vou apresentar-lhes o astro deste blog: "The" Robot Framework'.</msg>
<status status="PASS" starttime="20221123 11:38:28.781" endtime="20221123 11:38:28.804"/>
</kw>
<status status="PASS" starttime="20221123 11:38:28.780" endtime="20221123 11:38:28.804"/>
</kw>
<kw name="Fechar navegador" library="ResourceBlogTest">
<kw name="Close Browser" library="SeleniumLibrary">
<doc>Closes the current browser.</doc>
<status status="PASS" starttime="20221123 11:38:28.805" endtime="20221123 11:38:31.109"/>
</kw>
<status status="PASS" starttime="20221123 11:38:28.805" endtime="20221123 11:38:31.110"/>
</kw>
<kw name="Fechar navegador" library="ResourceBlogTest" type="TEARDOWN">
<kw name="Close Browser" library="SeleniumLibrary">
<doc>Closes the current browser.</doc>
<status status="PASS" starttime="20221123 11:38:31.118" endtime="20221123 11:38:31.119"/>
</kw>
<status status="PASS" starttime="20221123 11:38:31.116" endtime="20221123 11:38:31.119"/>
</kw>
<status status="PASS" starttime="20221123 11:38:19.665" endtime="20221123 11:38:31.120"/>
</test>
<status status="PASS" starttime="20221123 11:38:04.983" endtime="20221123 11:38:31.131"/>
</suite>
<statistics>
<total>
<stat pass="2" fail="0" skip="0">All Tests</stat>
</total>
<tag>
</tag>
<suite>
<stat pass="2" fail="0" skip="0" id="s1" name="TesteBlogTeste">TesteBlogTeste</stat>
</suite>
</statistics>
<errors>
</errors>
</robot>
